Determining if the pthread_create exist failed with the following output:
Change Dir: /home/sophie/Dokumente/Programmiersprachen/programmiersprachen-aufgabenblatt-2/build/CMakeFiles/CMakeTmp

Run Build Command:"/usr/bin/make" "cmTC_b3d54/fast"
/usr/bin/make -f CMakeFiles/cmTC_b3d54.dir/build.make CMakeFiles/cmTC_b3d54.dir/build
make[1]: Verzeichnis „/home/sophie/Dokumente/Programmiersprachen/programmiersprachen-aufgabenblatt-2/build/CMakeFiles/CMakeTmp“ wird betreten
Building C object CMakeFiles/cmTC_b3d54.dir/CheckSymbolExists.c.o
/usr/bin/cc     -o CMakeFiles/cmTC_b3d54.dir/CheckSymbolExists.c.o   -c /home/sophie/Dokumente/Programmiersprachen/programmiersprachen-aufgabenblatt-2/build/CMakeFiles/CMakeTmp/CheckSymbolExists.c
Linking C executable cmTC_b3d54
/usr/bin/cmake -E cmake_link_script CMakeFiles/cmTC_b3d54.dir/link.txt --verbose=1
/usr/bin/cc       CMakeFiles/cmTC_b3d54.dir/CheckSymbolExists.c.o  -o cmTC_b3d54 -rdynamic 
CMakeFiles/cmTC_b3d54.dir/CheckSymbolExists.c.o: In Funktion `main':
CheckSymbolExists.c:(.text+0x16): Nicht definierter Verweis auf `pthread_create'
collect2: error: ld returned 1 exit status
CMakeFiles/cmTC_b3d54.dir/build.make:97: die Regel für Ziel „cmTC_b3d54“ scheiterte
make[1]: *** [cmTC_b3d54] Fehler 1
make[1]: Verzeichnis „/home/sophie/Dokumente/Programmiersprachen/programmiersprachen-aufgabenblatt-2/build/CMakeFiles/CMakeTmp“ wird verlassen
Makefile:126: die Regel für Ziel „cmTC_b3d54/fast“ scheiterte
make: *** [cmTC_b3d54/fast] Fehler 2

File /home/sophie/Dokumente/Programmiersprachen/programmiersprachen-aufgabenblatt-2/build/CMakeFiles/CMakeTmp/CheckSymbolExists.c:
/* */
#include <pthread.h>

int main(int argc, char** argv)
{
  (void)argv;
#ifndef pthread_create
  return ((int*)(&pthread_create))[argc];
#else
  (void)argc;
  return 0;
#endif
}

Determining if the function pthread_create exists in the pthreads failed with the following output:
Change Dir: /home/sophie/Dokumente/Programmiersprachen/programmiersprachen-aufgabenblatt-2/build/CMakeFiles/CMakeTmp

Run Build Command:"/usr/bin/make" "cmTC_d7d5f/fast"
/usr/bin/make -f CMakeFiles/cmTC_d7d5f.dir/build.make CMakeFiles/cmTC_d7d5f.dir/build
make[1]: Verzeichnis „/home/sophie/Dokumente/Programmiersprachen/programmiersprachen-aufgabenblatt-2/build/CMakeFiles/CMakeTmp“ wird betreten
Building C object CMakeFiles/cmTC_d7d5f.dir/CheckFunctionExists.c.o
/usr/bin/cc    -DCHECK_FUNCTION_EXISTS=pthread_create   -o CMakeFiles/cmTC_d7d5f.dir/CheckFunctionExists.c.o   -c /usr/share/cmake-3.5/Modules/CheckFunctionExists.c
Linking C executable cmTC_d7d5f
/usr/bin/cmake -E cmake_link_script CMakeFiles/cmTC_d7d5f.dir/link.txt --verbose=1
/usr/bin/cc   -DCHECK_FUNCTION_EXISTS=pthread_create    CMakeFiles/cmTC_d7d5f.dir/CheckFunctionExists.c.o  -o cmTC_d7d5f -rdynamic -lpthreads 
/usr/bin/ld: cannot find -lpthreads
collect2: error: ld returned 1 exit status
CMakeFiles/cmTC_d7d5f.dir/build.make:97: die Regel für Ziel „cmTC_d7d5f“ scheiterte
make[1]: *** [cmTC_d7d5f] Fehler 1
make[1]: Verzeichnis „/home/sophie/Dokumente/Programmiersprachen/programmiersprachen-aufgabenblatt-2/build/CMakeFiles/CMakeTmp“ wird verlassen
Makefile:126: die Regel für Ziel „cmTC_d7d5f/fast“ scheiterte
make: *** [cmTC_d7d5f/fast] Fehler 2


Determining if the pthread_create exist failed with the following output:
Change Dir: /home/sophie/Dokumente/Programmiersprachen/programmiersprachen-aufgabenblatt-3/build/CMakeFiles/CMakeTmp

Run Build Command:"/usr/bin/make" "cmTC_0f27a/fast"
/usr/bin/make -f CMakeFiles/cmTC_0f27a.dir/build.make CMakeFiles/cmTC_0f27a.dir/build
make[1]: Verzeichnis „/home/sophie/Dokumente/Programmiersprachen/programmiersprachen-aufgabenblatt-3/build/CMakeFiles/CMakeTmp“ wird betreten
Building C object CMakeFiles/cmTC_0f27a.dir/CheckSymbolExists.c.o
/usr/bin/cc     -o CMakeFiles/cmTC_0f27a.dir/CheckSymbolExists.c.o   -c /home/sophie/Dokumente/Programmiersprachen/programmiersprachen-aufgabenblatt-3/build/CMakeFiles/CMakeTmp/CheckSymbolExists.c
Linking C executable cmTC_0f27a
/usr/bin/cmake -E cmake_link_script CMakeFiles/cmTC_0f27a.dir/link.txt --verbose=1
/usr/bin/cc       CMakeFiles/cmTC_0f27a.dir/CheckSymbolExists.c.o  -o cmTC_0f27a -rdynamic 
CMakeFiles/cmTC_0f27a.dir/CheckSymbolExists.c.o: In Funktion `main':
CheckSymbolExists.c:(.text+0x16): Nicht definierter Verweis auf `pthread_create'
collect2: error: ld returned 1 exit status
CMakeFiles/cmTC_0f27a.dir/build.make:97: die Regel für Ziel „cmTC_0f27a“ scheiterte
make[1]: *** [cmTC_0f27a] Fehler 1
make[1]: Verzeichnis „/home/sophie/Dokumente/Programmiersprachen/programmiersprachen-aufgabenblatt-3/build/CMakeFiles/CMakeTmp“ wird verlassen
Makefile:126: die Regel für Ziel „cmTC_0f27a/fast“ scheiterte
make: *** [cmTC_0f27a/fast] Fehler 2

File /home/sophie/Dokumente/Programmiersprachen/programmiersprachen-aufgabenblatt-3/build/CMakeFiles/CMakeTmp/CheckSymbolExists.c:
/* */
#include <pthread.h>

int main(int argc, char** argv)
{
  (void)argv;
#ifndef pthread_create
  return ((int*)(&pthread_create))[argc];
#else
  (void)argc;
  return 0;
#endif
}

Determining if the function pthread_create exists in the pthreads failed with the following output:
Change Dir: /home/sophie/Dokumente/Programmiersprachen/programmiersprachen-aufgabenblatt-3/build/CMakeFiles/CMakeTmp

Run Build Command:"/usr/bin/make" "cmTC_dfe19/fast"
/usr/bin/make -f CMakeFiles/cmTC_dfe19.dir/build.make CMakeFiles/cmTC_dfe19.dir/build
make[1]: Verzeichnis „/home/sophie/Dokumente/Programmiersprachen/programmiersprachen-aufgabenblatt-3/build/CMakeFiles/CMakeTmp“ wird betreten
Building C object CMakeFiles/cmTC_dfe19.dir/CheckFunctionExists.c.o
/usr/bin/cc    -DCHECK_FUNCTION_EXISTS=pthread_create   -o CMakeFiles/cmTC_dfe19.dir/CheckFunctionExists.c.o   -c /usr/share/cmake-3.5/Modules/CheckFunctionExists.c
Linking C executable cmTC_dfe19
/usr/bin/cmake -E cmake_link_script CMakeFiles/cmTC_dfe19.dir/link.txt --verbose=1
/usr/bin/cc   -DCHECK_FUNCTION_EXISTS=pthread_create    CMakeFiles/cmTC_dfe19.dir/CheckFunctionExists.c.o  -o cmTC_dfe19 -rdynamic -lpthreads 
/usr/bin/ld: cannot find -lpthreads
collect2: error: ld returned 1 exit status
CMakeFiles/cmTC_dfe19.dir/build.make:97: die Regel für Ziel „cmTC_dfe19“ scheiterte
make[1]: *** [cmTC_dfe19] Fehler 1
make[1]: Verzeichnis „/home/sophie/Dokumente/Programmiersprachen/programmiersprachen-aufgabenblatt-3/build/CMakeFiles/CMakeTmp“ wird verlassen
Makefile:126: die Regel für Ziel „cmTC_dfe19/fast“ scheiterte
make: *** [cmTC_dfe19/fast] Fehler 2


